# JRE version: OpenJDK Runtime Environment Temurin-17.0.10+7 (17.0.10+7) (build 17.0.10+7)
# Java VM: OpenJDK 64-Bit Server VM Temurin-17.0.10+7 (17.0.10+7, mixed mode, emulated-client, tiered, compressed oops, compressed class ptrs, g1 gc, windows-amd64)
GC Precious Log:
 CPUs: 4 total, 4 available
 Memory: 4010M
 Large Page Support: Disabled
 NUMA Support: Disabled
 Compressed Oops: Enabled (32-bit)
 Heap Region Size: 1M
 Heap Min Capacity: 8M
 Heap Initial Capacity: 64M
 Heap Max Capacity: 1G
 Pre-touch: Disabled
 Parallel Workers: 4
 Concurrent Workers: 1
 Concurrent Refinement Workers: 4
 Periodic GC: Disabled
Heap:
 garbage-first heap   total 102400K, used 51425K [0x00000000c0000000, 0x0000000100000000)
  region size 1024K, 22 young (22528K), 0 survivors (0K)
 Metaspace       used 55626K, committed 56064K, reserved 1114112K
  class space    used 6954K, committed 7168K, reserved 1048576K
GC Heap History (20 events):
Event: 70806.779 GC heap before
{Heap before GC invocations=2325 (full 1708):
 garbage-first heap   total 102400K, used 54148K [0x00000000c0000000, 0x0000000100000000)
  region size 1024K, 17 young (17408K), 5 survivors (5120K)
 Metaspace       used 55626K, committed 56064K, reserved 1114112K
  class space    used 6954K, committed 7168K, reserved 1048576K
}
Event: 70807.223 GC heap after
{Heap after GC invocations=2326 (full 1709):
 garbage-first heap   total 102400K, used 37033K [0x00000000c0000000, 0x0000000100000000)
  region size 1024K, 0 young (0K), 0 survivors (0K)
 Metaspace       used 55626K, committed 56064K, reserved 1114112K
  class space    used 6954K, committed 7168K, reserved 1048576K
}
Event: 70817.792 GC heap before
{Heap before GC invocations=2326 (full 1709):
 garbage-first heap   total 102400K, used 37033K [0x00000000c0000000, 0x0000000100000000)
  region size 1024K, 1 young (1024K), 0 survivors (0K)
 Metaspace       used 55626K, committed 56064K, reserved 1114112K
  class space    used 6954K, committed 7168K, reserved 1048576K
}
Event: 70817.887 GC heap after
{Heap after GC invocations=2327 (full 1710):
 garbage-first heap   total 102400K, used 36980K [0x00000000c0000000, 0x0000000100000000)
  region size 1024K, 0 young (0K), 0 survivors (0K)
 Metaspace       used 55626K, committed 56064K, reserved 1114112K
  class space    used 6954K, committed 7168K, reserved 1048576K
}
Event: 70828.069 GC heap before
{Heap before GC invocations=2327 (full 1710):
 garbage-first heap   total 102400K, used 36980K [0x00000000c0000000, 0x0000000100000000)
  region size 1024K, 1 young (1024K), 0 survivors (0K)
 Metaspace       used 55626K, committed 56064K, reserved 1114112K
  class space    used 6954K, committed 7168K, reserved 1048576K
}
Event: 70828.133 GC heap after
{Heap after GC invocations=2328 (full 1711):
 garbage-first heap   total 102400K, used 36980K [0x00000000c0000000, 0x0000000100000000)
  region size 1024K, 0 young (0K), 0 survivors (0K)
 Metaspace       used 55626K, committed 56064K, reserved 1114112K
  class space    used 6954K, committed 7168K, reserved 1048576K
}
Event: 70838.416 GC heap before
{Heap before GC invocations=2328 (full 1711):
 garbage-first heap   total 102400K, used 36980K [0x00000000c0000000, 0x0000000100000000)
  region size 1024K, 1 young (1024K), 0 survivors (0K)
 Metaspace       used 55626K, committed 56064K, reserved 1114112K
  class space    used 6954K, committed 7168K, reserved 1048576K
}
Event: 70838.472 GC heap after
{Heap after GC invocations=2329 (full 1712):
 garbage-first heap   total 102400K, used 36980K [0x00000000c0000000, 0x0000000100000000)
  region size 1024K, 0 young (0K), 0 survivors (0K)
 Metaspace       used 55626K, committed 56064K, reserved 1114112K
  class space    used 6954K, committed 7168K, reserved 1048576K
}
Event: 70888.807 GC heap before
{Heap before GC invocations=2329 (full 1712):
 garbage-first heap   total 102400K, used 69748K [0x00000000c0000000, 0x0000000100000000)
  region size 1024K, 33 young (33792K), 0 survivors (0K)
 Metaspace       used 55626K, committed 56064K, reserved 1114112K
  class space    used 6954K, committed 7168K, reserved 1048576K
}
Event: 70889.321 GC heap after
{Heap after GC invocations=2330 (full 1713):
 garbage-first heap   total 102400K, used 35756K [0x00000000c0000000, 0x0000000100000000)
  region size 1024K, 0 young (0K), 0 survivors (0K)
 Metaspace       used 55626K, committed 56064K, reserved 1114112K
  class space    used 6954K, committed 7168K, reserved 1048576K
}
Event: 70899.572 GC heap before
{Heap before GC invocations=2330 (full 1713):
 garbage-first heap   total 102400K, used 35756K [0x00000000c0000000, 0x0000000100000000)
  region size 1024K, 1 young (1024K), 0 survivors (0K)
 Metaspace       used 55626K, committed 56064K, reserved 1114112K
  class space    used 6954K, committed 7168K, reserved 1048576K
}
Event: 70899.650 GC heap after
{Heap after GC invocations=2331 (full 1714):
 garbage-first heap   total 102400K, used 30283K [0x00000000c0000000, 0x0000000100000000)
  region size 1024K, 0 young (0K), 0 survivors (0K)
 Metaspace       used 55626K, committed 56064K, reserved 1114112K
  class space    used 6954K, committed 7168K, reserved 1048576K
}
Event: 70910.018 GC heap before
{Heap before GC invocations=2331 (full 1714):
 garbage-first heap   total 102400K, used 30283K [0x00000000c0000000, 0x0000000100000000)
  region size 1024K, 1 young (1024K), 0 survivors (0K)
 Metaspace       used 55626K, committed 56064K, reserved 1114112K
  class space    used 6954K, committed 7168K, reserved 1048576K
}
Event: 70910.096 GC heap after
{Heap after GC invocations=2332 (full 1715):
 garbage-first heap   total 102400K, used 30282K [0x00000000c0000000, 0x0000000100000000)
  region size 1024K, 0 young (0K), 0 survivors (0K)
 Metaspace       used 55626K, committed 56064K, reserved 1114112K
  class space    used 6954K, committed 7168K, reserved 1048576K
}
Event: 70920.288 GC heap before
{Heap before GC invocations=2332 (full 1715):
 garbage-first heap   total 102400K, used 30282K [0x00000000c0000000, 0x0000000100000000)
  region size 1024K, 1 young (1024K), 0 survivors (0K)
 Metaspace       used 55626K, committed 56064K, reserved 1114112K
  class space    used 6954K, committed 7168K, reserved 1048576K
}
Event: 70920.361 GC heap after
{Heap after GC invocations=2333 (full 1716):
 garbage-first heap   total 102400K, used 29921K [0x00000000c0000000, 0x0000000100000000)
  region size 1024K, 0 young (0K), 0 survivors (0K)
 Metaspace       used 55626K, committed 56064K, reserved 1114112K
  class space    used 6954K, committed 7168K, reserved 1048576K
}
Event: 70930.538 GC heap before
{Heap before GC invocations=2333 (full 1716):
 garbage-first heap   total 102400K, used 29921K [0x00000000c0000000, 0x0000000100000000)
  region size 1024K, 1 young (1024K), 0 survivors (0K)
 Metaspace       used 55626K, committed 56064K, reserved 1114112K
  class space    used 6954K, committed 7168K, reserved 1048576K
}
Event: 70930.594 GC heap after
{Heap after GC invocations=2334 (full 1717):
 garbage-first heap   total 102400K, used 29921K [0x00000000c0000000, 0x0000000100000000)
  region size 1024K, 0 young (0K), 0 survivors (0K)
 Metaspace       used 55626K, committed 56064K, reserved 1114112K
  class space    used 6954K, committed 7168K, reserved 1048576K
}
Event: 70940.761 GC heap before
{Heap before GC invocations=2334 (full 1717):
 garbage-first heap   total 102400K, used 29921K [0x00000000c0000000, 0x0000000100000000)
  region size 1024K, 1 young (1024K), 0 survivors (0K)
 Metaspace       used 55626K, committed 56064K, reserved 1114112K
  class space    used 6954K, committed 7168K, reserved 1048576K
}
Event: 70940.830 GC heap after
{Heap after GC invocations=2335 (full 1718):
 garbage-first heap   total 102400K, used 29921K [0x00000000c0000000, 0x0000000100000000)
  region size 1024K, 0 young (0K), 0 survivors (0K)
 Metaspace       used 55626K, committed 56064K, reserved 1114112K
  class space    used 6954K, committed 7168K, reserved 1048576K
}

